client/app/build/intermediates/manifest_merge_blame_file/debug/manifest-merger-blame-debug-report.txt
1<?xml version="1.0" encoding="utf-8"?>
2<!-- suppress ALL -->
3<manifest xmlns:android="http://schemas.android.com/apk/res/android"
4    package="com.ct07.ttn"
5    android:versionCode="1"
6    android:versionName="1.0" >
7
8    <uses-sdk
9        android:minSdkVersion="26"
9-->src\main\AndroidManifest.xml
10        android:targetSdkVersion="34" />
10-->src\main\AndroidManifest.xml
11
12    <uses-permission android:name="android.permission.ACCESS_NETWORK_STATE" />
12-->src\main\AndroidManifest.xml:6:5-78
12-->src\main\AndroidManifest.xml:6:22-76
13    <uses-permission android:name="android.permission.INTERNET" />
13-->src\main\AndroidManifest.xml:7:5-66
13-->src\main\AndroidManifest.xml:7:22-64
14    <uses-permission android:name="com.google.android.providers.gsf.permission.READ_GSERVICES" />
14-->[com.google.android.recaptcha:recaptcha:18.4.0] AndroidManifest.xml:9:5-98
14-->[com.google.android.recaptcha:recaptcha:18.4.0] AndroidManifest.xml:9:22-95
15
16    <permission
16-->[androidx.core:core:1.13.1] AndroidManifest.xml:22:5-24:47
17        android:name="com.ct07.ttn.DYNAMIC_RECEIVER_NOT_EXPORTED_PERMISSION"
17-->[androidx.core:core:1.13.1] AndroidManifest.xml:23:9-81
18        android:protectionLevel="signature" />
18-->[androidx.core:core:1.13.1] AndroidManifest.xml:24:9-44
19
20    <uses-permission android:name="com.ct07.ttn.DYNAMIC_RECEIVER_NOT_EXPORTED_PERMISSION" />
20-->[androidx.core:core:1.13.1] AndroidManifest.xml:26:5-97
20-->[androidx.core:core:1.13.1] AndroidManifest.xml:26:22-94
21
22    <application
22-->src\main\AndroidManifest.xml:9:5-32:19
23        android:allowBackup="true"
23-->src\main\AndroidManifest.xml:11:9-35
24        android:appComponentFactory="androidx.core.app.CoreComponentFactory"
24-->[androidx.core:core:1.13.1] AndroidManifest.xml:28:18-86
25        android:dataExtractionRules="@xml/data_extraction_rules"
25-->src\main\AndroidManifest.xml:12:9-65
26        android:debuggable="true"
27        android:extractNativeLibs="false"
28        android:fullBackupContent="@xml/backup_rules"
28-->src\main\AndroidManifest.xml:13:9-54
29        android:icon="@mipmap/room"
29-->src\main\AndroidManifest.xml:14:9-36
30        android:label="@string/app_name"
30-->src\main\AndroidManifest.xml:15:9-41
31        android:networkSecurityConfig="@xml/network_security_config"
31-->src\main\AndroidManifest.xml:10:9-69
32        android:roundIcon="@mipmap/room"
32-->src\main\AndroidManifest.xml:16:9-41
33        android:supportsRtl="true"
33-->src\main\AndroidManifest.xml:17:9-35
34        android:testOnly="true"
35        android:theme="@style/Theme.TTN" >
35-->src\main\AndroidManifest.xml:18:9-41
36        <activity
36-->src\main\AndroidManifest.xml:20:9-28:20
37            android:name="com.ct07.ttn.ui.RoomActivity"
37-->src\main\AndroidManifest.xml:21:13-44
38            android:exported="true" >
38-->src\main\AndroidManifest.xml:22:13-36
39            <intent-filter>
39-->src\main\AndroidManifest.xml:23:13-27:29
40                <action android:name="android.intent.action.MAIN" />
40-->src\main\AndroidManifest.xml:24:17-69
40-->src\main\AndroidManifest.xml:24:25-66
41
42                <category android:name="android.intent.category.LAUNCHER" />
42-->src\main\AndroidManifest.xml:26:17-77
42-->src\main\AndroidManifest.xml:26:27-74
43            </intent-filter>
44        </activity>
45
46        <meta-data
46-->src\main\AndroidManifest.xml:29:9-31:57
47            android:name="preloaded_fonts"
47-->src\main\AndroidManifest.xml:30:13-43
48            android:resource="@array/preloaded_fonts" />
48-->src\main\AndroidManifest.xml:31:13-54
49
50        <service
50-->[com.google.firebase:firebase-auth-ktx:23.0.0] AndroidManifest.xml:8:9-14:19
51            android:name="com.google.firebase.components.ComponentDiscoveryService"
51-->[com.google.firebase:firebase-auth-ktx:23.0.0] AndroidManifest.xml:9:13-84
52            android:directBootAware="true"
52-->[com.google.firebase:firebase-common:21.0.0] AndroidManifest.xml:32:13-43
53            android:exported="false" >
53-->[com.google.firebase:firebase-auth-ktx:23.0.0] AndroidManifest.xml:10:13-37
54            <meta-data
54-->[com.google.firebase:firebase-auth-ktx:23.0.0] AndroidManifest.xml:11:13-13:85
55                android:name="com.google.firebase.components:com.google.firebase.auth.ktx.FirebaseAuthLegacyRegistrar"
55-->[com.google.firebase:firebase-auth-ktx:23.0.0] AndroidManifest.xml:12:17-119
56                android:value="com.google.firebase.components.ComponentRegistrar" />
56-->[com.google.firebase:firebase-auth-ktx:23.0.0] AndroidManifest.xml:13:17-82
57            <meta-data
57-->[com.google.firebase:firebase-storage:21.0.0] AndroidManifest.xml:30:13-32:85
58                android:name="com.google.firebase.components:com.google.firebase.storage.FirebaseStorageKtxRegistrar"
58-->[com.google.firebase:firebase-storage:21.0.0] AndroidManifest.xml:31:17-118
59                android:value="com.google.firebase.components.ComponentRegistrar" />
59-->[com.google.firebase:firebase-storage:21.0.0] AndroidManifest.xml:32:17-82
60            <meta-data
60-->[com.google.firebase:firebase-storage:21.0.0] AndroidManifest.xml:33:13-35:85
61                android:name="com.google.firebase.components:com.google.firebase.storage.StorageRegistrar"
61-->[com.google.firebase:firebase-storage:21.0.0] AndroidManifest.xml:34:17-107
62                android:value="com.google.firebase.components.ComponentRegistrar" />
62-->[com.google.firebase:firebase-storage:21.0.0] AndroidManifest.xml:35:17-82
63            <meta-data
63-->[com.google.firebase:firebase-auth:23.0.0] AndroidManifest.xml:69:13-71:85
64                android:name="com.google.firebase.components:com.google.firebase.auth.FirebaseAuthRegistrar"
64-->[com.google.firebase:firebase-auth:23.0.0] AndroidManifest.xml:70:17-109
65                android:value="com.google.firebase.components.ComponentRegistrar" />
65-->[com.google.firebase:firebase-auth:23.0.0] AndroidManifest.xml:71:17-82
66            <meta-data
66-->[com.google.firebase:firebase-appcheck:18.0.0] AndroidManifest.xml:25:13-27:85
67                android:name="com.google.firebase.components:com.google.firebase.appcheck.FirebaseAppCheckKtxRegistrar"
67-->[com.google.firebase:firebase-appcheck:18.0.0] AndroidManifest.xml:26:17-120
68                android:value="com.google.firebase.components.ComponentRegistrar" />
68-->[com.google.firebase:firebase-appcheck:18.0.0] AndroidManifest.xml:27:17-82
69            <meta-data
69-->[com.google.firebase:firebase-appcheck:18.0.0] AndroidManifest.xml:28:13-30:85
70                android:name="com.google.firebase.components:com.google.firebase.appcheck.FirebaseAppCheckRegistrar"
70-->[com.google.firebase:firebase-appcheck:18.0.0] AndroidManifest.xml:29:17-117
71                android:value="com.google.firebase.components.ComponentRegistrar" />
71-->[com.google.firebase:firebase-appcheck:18.0.0] AndroidManifest.xml:30:17-82
72            <meta-data
72-->[com.google.firebase:firebase-common-ktx:21.0.0] AndroidManifest.xml:12:13-14:85
73                android:name="com.google.firebase.components:com.google.firebase.ktx.FirebaseCommonLegacyRegistrar"
73-->[com.google.firebase:firebase-common-ktx:21.0.0] AndroidManifest.xml:13:17-116
74                android:value="com.google.firebase.components.ComponentRegistrar" />
74-->[com.google.firebase:firebase-common-ktx:21.0.0] AndroidManifest.xml:14:17-82
75            <meta-data
75-->[com.google.firebase:firebase-common:21.0.0] AndroidManifest.xml:35:13-37:85
76                android:name="com.google.firebase.components:com.google.firebase.FirebaseCommonKtxRegistrar"
76-->[com.google.firebase:firebase-common:21.0.0] AndroidManifest.xml:36:17-109
77                android:value="com.google.firebase.components.ComponentRegistrar" />
77-->[com.google.firebase:firebase-common:21.0.0] AndroidManifest.xml:37:17-82
78        </service>
79
80        <activity
80-->[com.google.firebase:firebase-auth:23.0.0] AndroidManifest.xml:29:9-46:20
81            android:name="com.google.firebase.auth.internal.GenericIdpActivity"
81-->[com.google.firebase:firebase-auth:23.0.0] AndroidManifest.xml:30:13-80
82            android:excludeFromRecents="true"
82-->[com.google.firebase:firebase-auth:23.0.0] AndroidManifest.xml:31:13-46
83            android:exported="true"
83-->[com.google.firebase:firebase-auth:23.0.0] AndroidManifest.xml:32:13-36
84            android:launchMode="singleTask"
84-->[com.google.firebase:firebase-auth:23.0.0] AndroidManifest.xml:33:13-44
85            android:theme="@android:style/Theme.Translucent.NoTitleBar" >
85-->[com.google.firebase:firebase-auth:23.0.0] AndroidManifest.xml:34:13-72
86            <intent-filter>
86-->[com.google.firebase:firebase-auth:23.0.0] AndroidManifest.xml:35:13-45:29
87                <action android:name="android.intent.action.VIEW" />
87-->[com.google.firebase:firebase-auth:23.0.0] AndroidManifest.xml:36:17-69
87-->[com.google.firebase:firebase-auth:23.0.0] AndroidManifest.xml:36:25-66
88
89                <category android:name="android.intent.category.DEFAULT" />
89-->[com.google.firebase:firebase-auth:23.0.0] AndroidManifest.xml:38:17-76
89-->[com.google.firebase:firebase-auth:23.0.0] AndroidManifest.xml:38:27-73
90                <category android:name="android.intent.category.BROWSABLE" />
90-->[com.google.firebase:firebase-auth:23.0.0] AndroidManifest.xml:39:17-78
90-->[com.google.firebase:firebase-auth:23.0.0] AndroidManifest.xml:39:27-75
91
92                <data
92-->[com.google.firebase:firebase-auth:23.0.0] AndroidManifest.xml:41:17-44:51
93                    android:host="firebase.auth"
93-->[com.google.firebase:firebase-auth:23.0.0] AndroidManifest.xml:42:21-49
94                    android:path="/"
94-->[com.google.firebase:firebase-auth:23.0.0] AndroidManifest.xml:43:21-37
95                    android:scheme="genericidp" />
95-->[com.google.firebase:firebase-auth:23.0.0] AndroidManifest.xml:44:21-48
96            </intent-filter>
97        </activity>
98        <activity
98-->[com.google.firebase:firebase-auth:23.0.0] AndroidManifest.xml:47:9-64:20
99            android:name="com.google.firebase.auth.internal.RecaptchaActivity"
99-->[com.google.firebase:firebase-auth:23.0.0] AndroidManifest.xml:48:13-79
100            android:excludeFromRecents="true"
100-->[com.google.firebase:firebase-auth:23.0.0] AndroidManifest.xml:49:13-46
101            android:exported="true"
101-->[com.google.firebase:firebase-auth:23.0.0] AndroidManifest.xml:50:13-36
102            android:launchMode="singleTask"
102-->[com.google.firebase:firebase-auth:23.0.0] AndroidManifest.xml:51:13-44
103            android:theme="@android:style/Theme.Translucent.NoTitleBar" >
103-->[com.google.firebase:firebase-auth:23.0.0] AndroidManifest.xml:52:13-72
104            <intent-filter>
104-->[com.google.firebase:firebase-auth:23.0.0] AndroidManifest.xml:53:13-63:29
105                <action android:name="android.intent.action.VIEW" />
105-->[com.google.firebase:firebase-auth:23.0.0] AndroidManifest.xml:36:17-69
105-->[com.google.firebase:firebase-auth:23.0.0] AndroidManifest.xml:36:25-66
106
107                <category android:name="android.intent.category.DEFAULT" />
107-->[com.google.firebase:firebase-auth:23.0.0] AndroidManifest.xml:38:17-76
107-->[com.google.firebase:firebase-auth:23.0.0] AndroidManifest.xml:38:27-73
108                <category android:name="android.intent.category.BROWSABLE" />
108-->[com.google.firebase:firebase-auth:23.0.0] AndroidManifest.xml:39:17-78
108-->[com.google.firebase:firebase-auth:23.0.0] AndroidManifest.xml:39:27-75
109
110                <data
110-->[com.google.firebase:firebase-auth:23.0.0] AndroidManifest.xml:41:17-44:51
111                    android:host="firebase.auth"
111-->[com.google.firebase:firebase-auth:23.0.0] AndroidManifest.xml:42:21-49
112                    android:path="/"
112-->[com.google.firebase:firebase-auth:23.0.0] AndroidManifest.xml:43:21-37
113                    android:scheme="recaptcha" />
113-->[com.google.firebase:firebase-auth:23.0.0] AndroidManifest.xml:44:21-48
114            </intent-filter>
115        </activity>
116
117        <service
117-->[androidx.room:room-runtime:2.5.2] AndroidManifest.xml:24:9-28:63
118            android:name="androidx.room.MultiInstanceInvalidationService"
118-->[androidx.room:room-runtime:2.5.2] AndroidManifest.xml:25:13-74
119            android:directBootAware="true"
119-->[androidx.room:room-runtime:2.5.2] AndroidManifest.xml:26:13-43
120            android:exported="false" />
120-->[androidx.room:room-runtime:2.5.2] AndroidManifest.xml:27:13-37
121        <service
121-->[androidx.credentials:credentials-play-services-auth:1.2.0-rc01] AndroidManifest.xml:24:9-32:19
122            android:name="androidx.credentials.playservices.CredentialProviderMetadataHolder"
122-->[androidx.credentials:credentials-play-services-auth:1.2.0-rc01] AndroidManifest.xml:25:13-94
123            android:enabled="true"
123-->[androidx.credentials:credentials-play-services-auth:1.2.0-rc01] AndroidManifest.xml:26:13-35
124            android:exported="false" >
124-->[androidx.credentials:credentials-play-services-auth:1.2.0-rc01] AndroidManifest.xml:27:13-37
125            <meta-data
125-->[androidx.credentials:credentials-play-services-auth:1.2.0-rc01] AndroidManifest.xml:29:13-31:104
126                android:name="androidx.credentials.CREDENTIAL_PROVIDER_KEY"
126-->[androidx.credentials:credentials-play-services-auth:1.2.0-rc01] AndroidManifest.xml:30:17-76
127                android:value="androidx.credentials.playservices.CredentialProviderPlayServicesImpl" />
127-->[androidx.credentials:credentials-play-services-auth:1.2.0-rc01] AndroidManifest.xml:31:17-101
128        </service>
129
130        <activity
130-->[androidx.credentials:credentials-play-services-auth:1.2.0-rc01] AndroidManifest.xml:34:9-41:20
131            android:name="androidx.credentials.playservices.HiddenActivity"
131-->[androidx.credentials:credentials-play-services-auth:1.2.0-rc01] AndroidManifest.xml:35:13-76
132            android:configChanges="orientation|screenSize|screenLayout|keyboardHidden"
132-->[androidx.credentials:credentials-play-services-auth:1.2.0-rc01] AndroidManifest.xml:36:13-87
133            android:enabled="true"
133-->[androidx.credentials:credentials-play-services-auth:1.2.0-rc01] AndroidManifest.xml:37:13-35
134            android:exported="false"
134-->[androidx.credentials:credentials-play-services-auth:1.2.0-rc01] AndroidManifest.xml:38:13-37
135            android:fitsSystemWindows="true"
135-->[androidx.credentials:credentials-play-services-auth:1.2.0-rc01] AndroidManifest.xml:39:13-45
136            android:theme="@style/Theme.Hidden" >
136-->[androidx.credentials:credentials-play-services-auth:1.2.0-rc01] AndroidManifest.xml:40:13-48
137        </activity>
138
139        <provider
139-->[com.google.firebase:firebase-common:21.0.0] AndroidManifest.xml:23:9-28:39
140            android:name="com.google.firebase.provider.FirebaseInitProvider"
140-->[com.google.firebase:firebase-common:21.0.0] AndroidManifest.xml:24:13-77
141            android:authorities="com.ct07.ttn.firebaseinitprovider"
141-->[com.google.firebase:firebase-common:21.0.0] AndroidManifest.xml:25:13-72
142            android:directBootAware="true"
142-->[com.google.firebase:firebase-common:21.0.0] AndroidManifest.xml:26:13-43
143            android:exported="false"
143-->[com.google.firebase:firebase-common:21.0.0] AndroidManifest.xml:27:13-37
144            android:initOrder="100" />
144-->[com.google.firebase:firebase-common:21.0.0] AndroidManifest.xml:28:13-36
145
146        <activity
146-->[com.google.android.gms:play-services-auth:20.7.0] AndroidManifest.xml:23:9-27:75
147            android:name="com.google.android.gms.auth.api.signin.internal.SignInHubActivity"
147-->[com.google.android.gms:play-services-auth:20.7.0] AndroidManifest.xml:24:13-93
148            android:excludeFromRecents="true"
148-->[com.google.android.gms:play-services-auth:20.7.0] AndroidManifest.xml:25:13-46
149            android:exported="false"
149-->[com.google.android.gms:play-services-auth:20.7.0] AndroidManifest.xml:26:13-37
150            android:theme="@android:style/Theme.Translucent.NoTitleBar" />
150-->[com.google.android.gms:play-services-auth:20.7.0] AndroidManifest.xml:27:13-72
151        <!--
152            Service handling Google Sign-In user revocation. For apps that do not integrate with
153            Google Sign-In, this service will never be started.
154        -->
155        <service
155-->[com.google.android.gms:play-services-auth:20.7.0] AndroidManifest.xml:33:9-37:51
156            android:name="com.google.android.gms.auth.api.signin.RevocationBoundService"
156-->[com.google.android.gms:play-services-auth:20.7.0] AndroidManifest.xml:34:13-89
157            android:exported="true"
157-->[com.google.android.gms:play-services-auth:20.7.0] AndroidManifest.xml:35:13-36
158            android:permission="com.google.android.gms.auth.api.signin.permission.REVOCATION_NOTIFICATION"
158-->[com.google.android.gms:play-services-auth:20.7.0] AndroidManifest.xml:36:13-107
159            android:visibleToInstantApps="true" />
159-->[com.google.android.gms:play-services-auth:20.7.0] AndroidManifest.xml:37:13-48
160
161        <activity
161-->[com.google.android.gms:play-services-base:18.1.0] AndroidManifest.xml:20:9-22:45
162            android:name="com.google.android.gms.common.api.GoogleApiActivity"
162-->[com.google.android.gms:play-services-base:18.1.0] AndroidManifest.xml:20:19-85
163            android:exported="false"
163-->[com.google.android.gms:play-services-base:18.1.0] AndroidManifest.xml:22:19-43
164            android:theme="@android:style/Theme.Translucent.NoTitleBar" />
164-->[com.google.android.gms:play-services-base:18.1.0] AndroidManifest.xml:21:19-78
165
166        <provider
166-->[androidx.emoji2:emoji2:1.2.0] AndroidManifest.xml:24:9-32:20
167            android:name="androidx.startup.InitializationProvider"
167-->[androidx.emoji2:emoji2:1.2.0] AndroidManifest.xml:25:13-67
168            android:authorities="com.ct07.ttn.androidx-startup"
168-->[androidx.emoji2:emoji2:1.2.0] AndroidManifest.xml:26:13-68
169            android:exported="false" >
169-->[androidx.emoji2:emoji2:1.2.0] AndroidManifest.xml:27:13-37
170            <meta-data
170-->[androidx.emoji2:emoji2:1.2.0] AndroidManifest.xml:29:13-31:52
171                android:name="androidx.emoji2.text.EmojiCompatInitializer"
171-->[androidx.emoji2:emoji2:1.2.0] AndroidManifest.xml:30:17-75
172                android:value="androidx.startup" />
172-->[androidx.emoji2:emoji2:1.2.0] AndroidManifest.xml:31:17-49
173            <meta-data
173-->[androidx.lifecycle:lifecycle-process:2.7.0] AndroidManifest.xml:29:13-31:52
174                android:name="androidx.lifecycle.ProcessLifecycleInitializer"
174-->[androidx.lifecycle:lifecycle-process:2.7.0] AndroidManifest.xml:30:17-78
175                android:value="androidx.startup" />
175-->[androidx.lifecycle:lifecycle-process:2.7.0] AndroidManifest.xml:31:17-49
176            <meta-data
176-->[androidx.profileinstaller:profileinstaller:1.3.0] AndroidManifest.xml:29:13-31:52
177                android:name="androidx.profileinstaller.ProfileInstallerInitializer"
177-->[androidx.profileinstaller:profileinstaller:1.3.0] AndroidManifest.xml:30:17-85
178                android:value="androidx.startup" />
178-->[androidx.profileinstaller:profileinstaller:1.3.0] AndroidManifest.xml:31:17-49
179        </provider>
180
181        <uses-library
181-->[androidx.window:window:1.0.0] AndroidManifest.xml:25:9-27:40
182            android:name="androidx.window.extensions"
182-->[androidx.window:window:1.0.0] AndroidManifest.xml:26:13-54
183            android:required="false" />
183-->[androidx.window:window:1.0.0] AndroidManifest.xml:27:13-37
184        <uses-library
184-->[androidx.window:window:1.0.0] AndroidManifest.xml:28:9-30:40
185            android:name="androidx.window.sidecar"
185-->[androidx.window:window:1.0.0] AndroidManifest.xml:29:13-51
186            android:required="false" />
186-->[androidx.window:window:1.0.0] AndroidManifest.xml:30:13-37
187
188        <meta-data
188-->[com.google.android.gms:play-services-basement:18.3.0] AndroidManifest.xml:21:9-23:69
189            android:name="com.google.android.gms.version"
189-->[com.google.android.gms:play-services-basement:18.3.0] AndroidManifest.xml:22:13-58
190            android:value="@integer/google_play_services_version" />
190-->[com.google.android.gms:play-services-basement:18.3.0] AndroidManifest.xml:23:13-66
191
192        <receiver
192-->[androidx.profileinstaller:profileinstaller:1.3.0] AndroidManifest.xml:34:9-52:20
193            android:name="androidx.profileinstaller.ProfileInstallReceiver"
193-->[androidx.profileinstaller:profileinstaller:1.3.0] AndroidManifest.xml:35:13-76
194            android:directBootAware="false"
194-->[androidx.profileinstaller:profileinstaller:1.3.0] AndroidManifest.xml:36:13-44
195            android:enabled="true"
195-->[androidx.profileinstaller:profileinstaller:1.3.0] AndroidManifest.xml:37:13-35
196            android:exported="true"
196-->[androidx.profileinstaller:profileinstaller:1.3.0] AndroidManifest.xml:38:13-36
197            android:permission="android.permission.DUMP" >
197-->[androidx.profileinstaller:profileinstaller:1.3.0] AndroidManifest.xml:39:13-57
198            <intent-filter>
198-->[androidx.profileinstaller:profileinstaller:1.3.0] AndroidManifest.xml:40:13-42:29
199                <action android:name="androidx.profileinstaller.action.INSTALL_PROFILE" />
199-->[androidx.profileinstaller:profileinstaller:1.3.0] AndroidManifest.xml:41:17-91
199-->[androidx.profileinstaller:profileinstaller:1.3.0] AndroidManifest.xml:41:25-88
200            </intent-filter>
201            <intent-filter>
201-->[androidx.profileinstaller:profileinstaller:1.3.0] AndroidManifest.xml:43:13-45:29
202                <action android:name="androidx.profileinstaller.action.SKIP_FILE" />
202-->[androidx.profileinstaller:profileinstaller:1.3.0] AndroidManifest.xml:44:17-85
202-->[androidx.profileinstaller:profileinstaller:1.3.0] AndroidManifest.xml:44:25-82
203            </intent-filter>
204            <intent-filter>
204-->[androidx.profileinstaller:profileinstaller:1.3.0] AndroidManifest.xml:46:13-48:29
205                <action android:name="androidx.profileinstaller.action.SAVE_PROFILE" />
205-->[androidx.profileinstaller:profileinstaller:1.3.0] AndroidManifest.xml:47:17-88
205-->[androidx.profileinstaller:profileinstaller:1.3.0] AndroidManifest.xml:47:25-85
206            </intent-filter>
207            <intent-filter>
207-->[androidx.profileinstaller:profileinstaller:1.3.0] AndroidManifest.xml:49:13-51:29
208                <action android:name="androidx.profileinstaller.action.BENCHMARK_OPERATION" />
208-->[androidx.profileinstaller:profileinstaller:1.3.0] AndroidManifest.xml:50:17-95
208-->[androidx.profileinstaller:profileinstaller:1.3.0] AndroidManifest.xml:50:25-92
209            </intent-filter>
210        </receiver>
211    </application>
212
213</manifest>